<?xml version="1.0" encoding="UTF-8"?>
<testsuite name="AddressValidator.LibraryTest" tests="1" skipped="0" failures="0" errors="0" timestamp="2023-08-09T01:47:47" hostname="austins-mbp.lan" time="0.002">
  <properties/>
  <testcase name="testSomeLibraryMethod" classname="AddressValidator.LibraryTest" time="0.002"/>
  <system-out><![CDATA[]]></system-out>
  <system-err><![CDATA[]]></system-err>
</testsuite>
